<?xml version="1.0" encoding="UTF-8" ?>
<testsuites disabled="0" errors="0" failures="0" tests="1" time="3.044">
 <testsuite name="Test Case" timestamp="2022-11-28T15:08:01" hostname="localhost" time="3.044" errors="0" tests="1" skipped="0" disabled="0" failures="0">
  <testcase classname="Test Case" name="Test Item 1 - Share" time="3.044" />
 </testsuite>
</testsuites>